[2024-10-11T09:43:49.226220+02:00] my_log.ERROR: This is some error. [] []
[2024-10-11T09:46:14.482682+02:00] my_log.ERROR: This is some error. [] []
[2024-10-11T09:46:14.485653+02:00] my_log.WARNING: This is some warning. [] []
[2024-10-11T09:46:36.368796+02:00] my_log.ERROR: This is some error. [] []
[2024-10-11T09:46:36.371477+02:00] my_log.WARNING: This is some warning. [] []
[2024-10-11T09:46:36.371564+02:00] my_log.NOTICE: This is some notice. [] []
[2024-10-11T09:46:51.482478+02:00] my_log.ERROR: This is some error. [] []
[2024-10-11T09:46:51.485127+02:00] my_log.WARNING: This is some warning. [] []
[2024-10-11T09:46:51.485212+02:00] my_log.NOTICE: This is some notice. [] []
[2024-10-11T09:46:51.485277+02:00] my_log.INFO: This is some info. [] []
[2024-10-11T09:47:03.175611+02:00] my_log.ERROR: This is some error. [] []
[2024-10-11T09:47:03.178499+02:00] my_log.WARNING: This is some warning. [] []
[2024-10-11T09:47:03.178587+02:00] my_log.NOTICE: This is some notice. [] []
[2024-10-11T09:47:03.178632+02:00] my_log.INFO: This is some info. [] []
[2024-10-11T09:47:03.178671+02:00] my_log.DEBUG: This is some debug. [] []
[2024-10-11T10:11:27.011660+02:00] my_log.ERROR: error [] []
[2024-10-11T10:11:27.014275+02:00] my_log.WARNING: warning [] []
[2024-10-11T10:11:27.014347+02:00] my_log.INFO: info [] []
[2024-10-11T10:11:27.014412+02:00] my_log.DEBUG: debug [] []
[2024-10-11T10:11:41.086014+02:00] my_log.ERROR: error [] []
[2024-10-11T10:11:41.088674+02:00] my_log.WARNING: warning [] []
[2024-10-11T10:11:41.088768+02:00] my_log.INFO: info [] []
[2024-10-11T10:11:41.088811+02:00] my_log.DEBUG: debug [] []
[2024-10-11T10:11:41.089217+02:00] my_log.INFO: Duck created. [] []
[2024-10-11T10:11:41.089311+02:00] my_log.DEBUG: Quack() executed. [] []
[2024-10-11T10:11:41.089574+02:00] my_log.DEBUG: Quack() executed. [] []
[2024-10-11T10:11:41.089835+02:00] my_log.DEBUG: Quack() executed. [] []
